<?xml version="1.0" encoding="UTF-8"?>
<!-- Generated by org.testng.reporters.JUnitReportReporter -->
<testsuite hostname="ABorbely-QA" failures="0" tests="3" name="test.day4" time="0.004" errors="0" timestamp="2024-09-27T12:49:25 CEST" skipped="0">
  <testcase classname="test.day4" name="MobileLoginHomeLoan" time="0.002"/>
  <system-out/>
  <testcase classname="test.day4" name="LoginAPIHomeLoan" time="0.001"/>
  <system-out/>
  <testcase classname="test.day4" name="WebLoginHomeLoan" time="0.001"/>
  <system-out/>
</testsuite> <!-- test.day4 -->
